<?xml version="1.0" encoding="UTF-8"?>
<testng-results skipped="0" failed="0" ignored="0" total="1" passed="1">
  <reporter-output>
  </reporter-output>
  <suite name="Default suite" duration-ms="2095" started-at="2019-09-12T08:53:48Z" finished-at="2019-09-12T08:53:51Z">
    <groups>
    </groups>
    <test name="Default test" duration-ms="2095" started-at="2019-09-12T08:53:48Z" finished-at="2019-09-12T08:53:51Z">
      <class name="testcases.NewTest">
        <test-method status="PASS" signature="launchGoogle()[pri:0, instance:testcases.NewTest@45ac5f9b]" name="launchGoogle" duration-ms="2058" started-at="2019-09-12T08:53:48Z" finished-at="2019-09-12T08:53:51Z">
          <reporter-output>
          </reporter-output>
        </test-method> <!-- launchGoogle -->
      </class> <!-- testcases.NewTest -->
    </test> <!-- Default test -->
  </suite> <!-- Default suite -->
</testng-results>
