<?xml version="1.0" encoding="UTF-8"?>
<!-- Generated by org.testng.reporters.JUnitXMLReporter -->
<testsuite hostname="KNOLSKAPE-L102" ignored="0" name="FirefoxTest" tests="5" failures="0" timestamp="14 Sep 2019 15:46:08 GMT" time="25.225" errors="0">
  <testcase name="launchWebsite" time="1.996" classname="testcases.TC_SuccessfulPayment"/>
  <testcase name="buyProductAndVerifyIfShoppingCartDisplayed" time="5.345" classname="testcases.TC_SuccessfulPayment"/>
  <testcase name="enterShoppingCartDetails" time="2.703" classname="testcases.TC_SuccessfulPayment"/>
  <testcase name="verifyOrderSummaryToContinue" time="2.025" classname="testcases.TC_SuccessfulPayment"/>
  <testcase name="choosePaymentMethod" time="0.028" classname="testcases.TC_SuccessfulPayment"/>
</testsuite> <!-- FirefoxTest -->
