<?xml version="1.0" encoding="UTF-8"?>
<!-- Generated by org.testng.reporters.JUnitXMLReporter -->
<testsuite hostname="KNOLSKAPE-L102" ignored="0" name="PaymentFailureTest" tests="7" failures="0" timestamp="15 Sep 2019 09:25:27 GMT" time="17.451" errors="0">
  <testcase name="launchWebsite" time="1.689" classname="testcases.TC_FailedPayment"/>
  <testcase name="buyProductAndVerifyIfShoppingCartDisplayed" time="2.155" classname="testcases.TC_FailedPayment"/>
  <testcase name="enterShoppingCartDetails" time="6.196" classname="testcases.TC_FailedPayment"/>
  <testcase name="verifyOrderSummaryToContinue" time="1.828" classname="testcases.TC_FailedPayment"/>
  <testcase name="choosePaymentMethod" time="0.611" classname="testcases.TC_FailedPayment"/>
  <testcase name="enterCreditCardDetails" time="3.972" classname="testcases.TC_FailedPayment"/>
  <testcase name="verifyPaymentFailure" time="0.941" classname="testcases.TC_FailedPayment"/>
</testsuite> <!-- PaymentFailureTest -->
