<?xml version="1.0" encoding="UTF-8"?>
<!-- Generated by org.testng.reporters.JUnitXMLReporter -->
<testsuite hostname="KNOLSKAPE-L102" ignored="0" name="PaymentSuccessfulTest" tests="7" failures="0" timestamp="15 Sep 2019 09:25:09 GMT" time="30.285" errors="0">
  <testcase name="launchWebsite" time="2.917" classname="testcases.TC_SuccessfulPayment"/>
  <testcase name="buyProductAndVerifyIfShoppingCartDisplayed" time="2.178" classname="testcases.TC_SuccessfulPayment"/>
  <testcase name="enterShoppingCartDetails" time="6.745" classname="testcases.TC_SuccessfulPayment"/>
  <testcase name="verifyOrderSummaryToContinue" time="1.769" classname="testcases.TC_SuccessfulPayment"/>
  <testcase name="choosePaymentMethod" time="0.61" classname="testcases.TC_SuccessfulPayment"/>
  <testcase name="enterCreditCardDetails" time="5.528" classname="testcases.TC_SuccessfulPayment"/>
  <testcase name="verifyPaymentSuccess" time="5.604" classname="testcases.TC_SuccessfulPayment"/>
</testsuite> <!-- PaymentSuccessfulTest -->
